#
# There is insufficient memory for the Java Runtime Environment to continue.
# Native memory allocation (malloc) failed to allocate 957840 bytes for Chunk::new
# Possible reasons:
#   The system is out of physical RAM or swap space
#   The process is running with CompressedOops enabled, and the Java Heap may be blocking the growth of the native heap
# Possible solutions:
#   Reduce memory load on the system
#   Increase physical memory or swap space
#   Check if swap backing store is full
#   Decrease Java heap size (-Xmx/-Xms)
#   Decrease number of Java threads
#   Decrease Java thread stack sizes (-Xss)
#   Set larger code cache with -XX:ReservedCodeCacheSize=
#   JVM is running with Unscaled Compressed Oops mode in which the Java heap is
#     placed in the first 4GB address space. The Java Heap base address is the
#     maximum limit for the native heap growth. Please use -XX:HeapBaseMinAddress
#     to set the Java Heap base and to place the Java Heap above 4GB virtual address.
# This output file may be truncated or incomplete.
#
#  Out of Memory Error (allocation.cpp:389), pid=15204, tid=0x0000000000001478
#
# JRE version: Java(TM) SE Runtime Environment (8.0_231-b11) (build 1.8.0_231-b11)
# Java VM: Java HotSpot(TM) 64-Bit Server VM (25.231-b11 mixed mode windows-amd64 compressed oops)
# Failed to write core dump. Minidumps are not enabled by default on client versions of Windows
#

---------------  T H R E A D  ---------------

Current thread (0x0000000014b07800):  JavaThread "C2 CompilerThread1" daemon [_thread_in_native, id=5240, stack(0x0000000016250000,0x0000000016350000)]

Stack: [0x0000000016250000,0x0000000016350000]
[error occurred during error reporting (printing stack bounds), id 0xc0000005]

Native frames: (J=compiled Java code, j=interpreted, Vv=VM code, C=native code)


Current CompileTask:
C2:   8715 3973       4       groovy.lang.MetaClassImpl$1MOPIter::methodNameAction (479 bytes)


---------------  P R O C E S S  ---------------

Java Threads: ( => current thread )
  0x00000000185ab800 JavaThread "pool-1-thread-1" [_thread_blocked, id=16620, stack(0x0000000020350000,0x0000000020450000)]
  0x00000000185aa800 JavaThread "Build operations Thread 4" [_thread_blocked, id=16400, stack(0x000000001fab0000,0x000000001fbb0000)]
  0x00000000185ac800 JavaThread "Build operations Thread 3" [_thread_blocked, id=4420, stack(0x000000001f9b0000,0x000000001fab0000)]
  0x00000000185a9000 JavaThread "Build operations Thread 2" [_thread_blocked, id=12860, stack(0x000000001f8b0000,0x000000001f9b0000)]
  0x00000000185aa000 JavaThread "Build operations" [_thread_blocked, id=15408, stack(0x000000001f7b0000,0x000000001f8b0000)]
  0x00000000185a8800 JavaThread "Cache worker for Artifact transforms cache (C:\Users\ZULHAMAZWARACHMAD\.gradle\caches\transforms-1)" [_thread_blocked, id=11412, stack(0x000000001f4b0000,0x000000001f5b0000)]
  0x00000000185a7800 JavaThread "Cache worker for cache directory md-rule (C:\Users\ZULHAMAZWARACHMAD\.gradle\caches\4.10.3\md-rule)" [_thread_blocked, id=2988, stack(0x000000001f3b0000,0x000000001f4b0000)]
  0x00000000185a7000 JavaThread "Cache worker for cache directory md-supplier (C:\Users\ZULHAMAZWARACHMAD\.gradle\caches\4.10.3\md-supplier)" [_thread_blocked, id=7864, stack(0x000000001b940000,0x000000001ba40000)]
  0x0000000018325000 JavaThread "Cache worker for journal cache (C:\Users\ZULHAMAZWARACHMAD\.gradle\caches\journal-1)" [_thread_blocked, id=14800, stack(0x000000001b840000,0x000000001b940000)]
  0x0000000018324000 JavaThread "Cache worker for file hash cache (C:\xampp\htdocs\kta-quasar-rpp\src-cordova\platforms\android\.gradle\4.10.3\fileHashes)" [_thread_blocked, id=2116, stack(0x000000001b740000,0x000000001b840000)]
  0x0000000018327000 JavaThread "File lock request listener" [_thread_in_native, id=13176, stack(0x000000001a670000,0x000000001a770000)]
  0x0000000018326800 JavaThread "Cache worker for file hash cache (C:\Users\ZULHAMAZWARACHMAD\.gradle\caches\4.10.3\fileHashes)" [_thread_blocked, id=8000, stack(0x000000001a370000,0x000000001a470000)]
  0x0000000017780800 JavaThread "Stdin handler" [_thread_blocked, id=384, stack(0x000000001a070000,0x000000001a170000)]
  0x0000000016532800 JavaThread "Asynchronous log dispatcher for DefaultDaemonConnection: socket connection from /127.0.0.1:63993 to /127.0.0.1:63994" [_thread_blocked, id=17328, stack(0x0000000019f70000,0x000000001a070000)]
  0x0000000017e78000 JavaThread "Daemon worker" [_thread_in_vm, id=16888, stack(0x0000000019e70000,0x0000000019f70000)]
  0x0000000017e6a800 JavaThread "Cancel handler" [_thread_blocked, id=2860, stack(0x0000000019d70000,0x0000000019e70000)]
  0x000000001652b800 JavaThread "Handler for socket connection from /127.0.0.1:63993 to /127.0.0.1:63994" [_thread_in_native, id=16428, stack(0x0000000019c70000,0x0000000019d70000)]
  0x0000000016bcd800 JavaThread "Daemon" [_thread_blocked, id=16356, stack(0x0000000019b70000,0x0000000019c70000)]
  0x00000000167d0800 JavaThread "Daemon periodic checks" [_thread_blocked, id=4404, stack(0x0000000019a70000,0x0000000019b70000)]
  0x00000000167cf000 JavaThread "Incoming local TCP Connector on port 63993" [_thread_in_native, id=15688, stack(0x0000000019830000,0x0000000019930000)]
  0x0000000017f4c800 JavaThread "Daemon health stats" [_thread_blocked, id=14688, stack(0x00000000191f0000,0x00000000192f0000)]
  0x000000001647b000 JavaThread "Service Thread" daemon [_thread_blocked, id=13364, stack(0x0000000016850000,0x0000000016950000)]
  0x0000000014b17000 JavaThread "C1 CompilerThread2" daemon [_thread_blocked, id=5272, stack(0x0000000016350000,0x0000000016450000)]
=>0x0000000014b07800 JavaThread "C2 CompilerThread1" daemon [_thread_in_native, id=5240, stack(0x0000000016250000,0x0000000016350000)]
  0x0000000014b05000 JavaThread "C2 CompilerThread0" daemon [_thread_in_native, id=17312, stack(0x0000000016150000,0x0000000016250000)]
  0x0000000014b02800 JavaThread "Attach Listener" daemon [_thread_blocked, id=6640, stack(0x0000000016050000,0x0000000016150000)]
  0x0000000014b01800 JavaThread "Signal Dispatcher" daemon [_thread_blocked, id=6856, stack(0x0000000015f50000,0x0000000016050000)]
  0x0000000014aeb000 JavaThread "Finalizer" daemon [_thread_blocked, id=17112, stack(0x0000000015d50000,0x0000000015e50000)]
  0x0000000014aea000 JavaThread "Reference Handler" daemon [_thread_blocked, id=11392, stack(0x0000000015c50000,0x0000000015d50000)]
  0x0000000002282800 JavaThread "main" [_thread_blocked, id=4860, stack(0x00000000020f0000,0x00000000021f0000)]

Other Threads:
  0x0000000014ac7800 VMThread [stack: 0x0000000015b50000,0x0000000015c50000] [id=11364]
  0x0000000014b5d000 WatcherThread [stack: 0x0000000016950000,0x0000000016a50000] [id=13880]

VM state:not at safepoint (normal execution)

VM Mutex/Monitor currently owned by a thread: None

heap address: 0x00000000c0000000, size: 1024 MB, Compressed Oops mode: 32-bit
Narrow klass base: 0x0000000000000000, Narrow klass shift: 3
Compressed class space size: 1073741824 Address: 0x0000000100000000

Heap:
 PSYoungGen      total 131072K, used 108895K [0x00000000eab00000, 0x00000000f7680000, 0x0000000100000000)
  eden space 120832K, 90% used [0x00000000eab00000,0x00000000f1557c18,0x00000000f2100000)
  from space 10240K, 0% used [0x00000000f2100000,0x00000000f2100000,0x00000000f2b00000)
  to   space 11776K, 0% used [0x00000000f6b00000,0x00000000f6b00000,0x00000000f7680000)
 ParOldGen       total 63488K, used 17605K [0x00000000c0000000, 0x00000000c3e00000, 0x00000000eab00000)
  object space 63488K, 27% used [0x00000000c0000000,0x00000000c11316e8,0x00000000c3e00000)
 Metaspace       used 42594K, capacity 43350K, committed 43696K, reserved 1087488K
  class space    used 5901K, capacity 6202K, committed 6320K, reserved 1048576K

Card table byte_map: [0x00000000117f0000,0x0000000011a00000] byte_map_base: 0x00000000111f0000

Marking Bits: (ParMarkBitMap*) 0x000000006a856d90
 Begin Bits: [0x0000000011f60000, 0x0000000012f60000)
 End Bits:   [0x0000000012f60000, 0x0000000013f60000)

Polling page: 0x00000000021f0000

CodeCache: size=245760Kb used=13115Kb max_used=13126Kb free=232644Kb
 bounds [0x0000000002430000, 0x0000000003110000, 0x0000000011430000]
 total_blobs=4477 nmethods=3730 adapters=660
 compilation: enabled

Compilation events (10 events):
Event: 8.699 Thread 0x0000000014b17000 4039       3       org.gradle.api.internal.AsmBackedClassGenerator$ClassBuilderImpl::addSetMethod (138 bytes)
Event: 8.700 Thread 0x0000000014b17000 nmethod 4039 0x00000000030e6410 code [0x00000000030e66a0, 0x00000000030e7828]
Event: 8.701 Thread 0x0000000014b17000 4040       3       java.lang.reflect.Constructor::hasGenericInformation (13 bytes)
Event: 8.701 Thread 0x0000000014b17000 nmethod 4040 0x00000000030fb4d0 code [0x00000000030fb620, 0x00000000030fb870]
Event: 8.702 Thread 0x0000000014b17000 4041       3       org.gradle.internal.metaobject.BeanDynamicObject::getMetaClass (39 bytes)
Event: 8.703 Thread 0x0000000014b17000 nmethod 4041 0x0000000003103690 code [0x00000000031038c0, 0x00000000031046f8]
Event: 8.703 Thread 0x0000000014b17000 4042   !   3       org.codehaus.groovy.reflection.stdclasses.CachedSAMClass::getSAMMethodImpl (181 bytes)
Event: 8.705 Thread 0x0000000014b17000 nmethod 4042 0x0000000003104e90 code [0x0000000003105260, 0x0000000003107388]
Event: 8.707 Thread 0x0000000014b05000 nmethod 4028 0x000000000310c010 code [0x000000000310c260, 0x000000000310d360]
Event: 8.707 Thread 0x0000000014b05000 4036   !   4       com.sun.beans.TypeResolver::resolve (274 bytes)

GC Heap History (10 events):
Event: 3.730 GC heap before
{Heap before GC invocations=7 (full 1):
 PSYoungGen      total 74240K, used 5104K [0x00000000eab00000, 0x00000000efe00000, 0x0000000100000000)
  eden space 63488K, 0% used [0x00000000eab00000,0x00000000eab00000,0x00000000ee900000)
  from space 10752K, 47% used [0x00000000ef380000,0x00000000ef87c060,0x00000000efe00000)
  to   space 10752K, 0% used [0x00000000ee900000,0x00000000ee900000,0x00000000ef380000)
 ParOldGen       total 84992K, used 9169K [0x00000000c0000000, 0x00000000c5300000, 0x00000000eab00000)
  object space 84992K, 10% used [0x00000000c0000000,0x00000000c08f45a8,0x00000000c5300000)
 Metaspace       used 20877K, capacity 21166K, committed 21296K, reserved 1067008K
  class space    used 2986K, capacity 3099K, committed 3120K, reserved 1048576K
Event: 3.773 GC heap after
Heap after GC invocations=7 (full 1):
 PSYoungGen      total 74240K, used 0K [0x00000000eab00000, 0x00000000efe00000, 0x0000000100000000)
  eden space 63488K, 0% used [0x00000000eab00000,0x00000000eab00000,0x00000000ee900000)
  from space 10752K, 0% used [0x00000000ef380000,0x00000000ef380000,0x00000000efe00000)
  to   space 10752K, 0% used [0x00000000ee900000,0x00000000ee900000,0x00000000ef380000)
 ParOldGen       total 46592K, used 6981K [0x00000000c0000000, 0x00000000c2d80000, 0x00000000eab00000)
  object space 46592K, 14% used [0x00000000c0000000,0x00000000c06d17a8,0x00000000c2d80000)
 Metaspace       used 20877K, capacity 21166K, committed 21296K, reserved 1067008K
  class space    used 2986K, capacity 3099K, committed 3120K, reserved 1048576K
}
Event: 4.739 GC heap before
{Heap before GC invocations=8 (full 1):
 PSYoungGen      total 74240K, used 63488K [0x00000000eab00000, 0x00000000efe00000, 0x0000000100000000)
  eden space 63488K, 100% used [0x00000000eab00000,0x00000000ee900000,0x00000000ee900000)
  from space 10752K, 0% used [0x00000000ef380000,0x00000000ef380000,0x00000000efe00000)
  to   space 10752K, 0% used [0x00000000ee900000,0x00000000ee900000,0x00000000ef380000)
 ParOldGen       total 46592K, used 6981K [0x00000000c0000000, 0x00000000c2d80000, 0x00000000eab00000)
  object space 46592K, 14% used [0x00000000c0000000,0x00000000c06d17a8,0x00000000c2d80000)
 Metaspace       used 26553K, capacity 26820K, committed 27184K, reserved 1073152K
  class space    used 3694K, capacity 3850K, committed 3888K, reserved 1048576K
Event: 4.749 GC heap after
Heap after GC invocations=8 (full 1):
 PSYoungGen      total 74240K, used 6721K [0x00000000eab00000, 0x00000000f3600000, 0x0000000100000000)
  eden space 63488K, 0% used [0x00000000eab00000,0x00000000eab00000,0x00000000ee900000)
  from space 10752K, 62% used [0x00000000ee900000,0x00000000eef904f0,0x00000000ef380000)
  to   space 10240K, 0% used [0x00000000f2c00000,0x00000000f2c00000,0x00000000f3600000)
 ParOldGen       total 46592K, used 6989K [0x00000000c0000000, 0x00000000c2d80000, 0x00000000eab00000)
  object space 46592K, 15% used [0x00000000c0000000,0x00000000c06d37a8,0x00000000c2d80000)
 Metaspace       used 26553K, capacity 26820K, committed 27184K, reserved 1073152K
  class space    used 3694K, capacity 3850K, committed 3888K, reserved 1048576K
}
Event: 5.481 GC heap before
{Heap before GC invocations=9 (full 1):
 PSYoungGen      total 74240K, used 70209K [0x00000000eab00000, 0x00000000f3600000, 0x0000000100000000)
  eden space 63488K, 100% used [0x00000000eab00000,0x00000000ee900000,0x00000000ee900000)
  from space 10752K, 62% used [0x00000000ee900000,0x00000000eef904f0,0x00000000ef380000)
  to   space 10240K, 0% used [0x00000000f2c00000,0x00000000f2c00000,0x00000000f3600000)
 ParOldGen       total 46592K, used 6989K [0x00000000c0000000, 0x00000000c2d80000, 0x00000000eab00000)
  object space 46592K, 15% used [0x00000000c0000000,0x00000000c06d37a8,0x00000000c2d80000)
 Metaspace       used 29893K, capacity 30198K, committed 30512K, reserved 1075200K
  class space    used 4251K, capacity 4400K, committed 4400K, reserved 1048576K
Event: 5.492 GC heap after
Heap after GC invocations=9 (full 1):
 PSYoungGen      total 130048K, used 7852K [0x00000000eab00000, 0x00000000f3500000, 0x0000000100000000)
  eden space 120832K, 0% used [0x00000000eab00000,0x00000000eab00000,0x00000000f2100000)
  from space 9216K, 85% used [0x00000000f2c00000,0x00000000f33ab1c0,0x00000000f3500000)
  to   space 10240K, 0% used [0x00000000f2100000,0x00000000f2100000,0x00000000f2b00000)
 ParOldGen       total 46592K, used 6997K [0x00000000c0000000, 0x00000000c2d80000, 0x00000000eab00000)
  object space 46592K, 15% used [0x00000000c0000000,0x00000000c06d57a8,0x00000000c2d80000)
 Metaspace       used 29893K, capacity 30198K, committed 30512K, reserved 1075200K
  class space    used 4251K, capacity 4400K, committed 4400K, reserved 1048576K
}
Event: 6.757 GC heap before
{Heap before GC invocations=10 (full 1):
 PSYoungGen      total 130048K, used 59894K [0x00000000eab00000, 0x00000000f3500000, 0x0000000100000000)
  eden space 120832K, 43% used [0x00000000eab00000,0x00000000eddd26f0,0x00000000f2100000)
  from space 9216K, 85% used [0x00000000f2c00000,0x00000000f33ab1c0,0x00000000f3500000)
  to   space 10240K, 0% used [0x00000000f2100000,0x00000000f2100000,0x00000000f2b00000)
 ParOldGen       total 46592K, used 6997K [0x00000000c0000000, 0x00000000c2d80000, 0x00000000eab00000)
  object space 46592K, 15% used [0x00000000c0000000,0x00000000c06d57a8,0x00000000c2d80000)
 Metaspace       used 34748K, capacity 35318K, committed 35496K, reserved 1079296K
  class space    used 4936K, capacity 5147K, committed 5168K, reserved 1048576K
Event: 6.786 GC heap after
Heap after GC invocations=10 (full 1):
 PSYoungGen      total 131072K, used 10225K [0x00000000eab00000, 0x00000000f7680000, 0x0000000100000000)
  eden space 120832K, 0% used [0x00000000eab00000,0x00000000eab00000,0x00000000f2100000)
  from space 10240K, 99% used [0x00000000f2100000,0x00000000f2afc4d8,0x00000000f2b00000)
  to   space 11776K, 0% used [0x00000000f6b00000,0x00000000f6b00000,0x00000000f7680000)
 ParOldGen       total 46592K, used 7739K [0x00000000c0000000, 0x00000000c2d80000, 0x00000000eab00000)
  object space 46592K, 16% used [0x00000000c0000000,0x00000000c078ed90,0x00000000c2d80000)
 Metaspace       used 34748K, capacity 35318K, committed 35496K, reserved 1079296K
  class space    used 4936K, capacity 5147K, committed 5168K, reserved 1048576K
}
Event: 6.786 GC heap before
{Heap before GC invocations=11 (full 2):
 PSYoungGen      total 131072K, used 10225K [0x00000000eab00000, 0x00000000f7680000, 0x0000000100000000)
  eden space 120832K, 0% used [0x00000000eab00000,0x00000000eab00000,0x00000000f2100000)
  from space 10240K, 99% used [0x00000000f2100000,0x00000000f2afc4d8,0x00000000f2b00000)
  to   space 11776K, 0% used [0x00000000f6b00000,0x00000000f6b00000,0x00000000f7680000)
 ParOldGen       total 46592K, used 7739K [0x00000000c0000000, 0x00000000c2d80000, 0x00000000eab00000)
  object space 46592K, 16% used [0x00000000c0000000,0x00000000c078ed90,0x00000000c2d80000)
 Metaspace       used 34748K, capacity 35318K, committed 35496K, reserved 1079296K
  class space    used 4936K, capacity 5147K, committed 5168K, reserved 1048576K
Event: 6.878 GC heap after
Heap after GC invocations=11 (full 2):
 PSYoungGen      total 131072K, used 0K [0x00000000eab00000, 0x00000000f7680000, 0x0000000100000000)
  eden space 120832K, 0% used [0x00000000eab00000,0x00000000eab00000,0x00000000f2100000)
  from space 10240K, 0% used [0x00000000f2100000,0x00000000f2100000,0x00000000f2b00000)
  to   space 11776K, 0% used [0x00000000f6b00000,0x00000000f6b00000,0x00000000f7680000)
 ParOldGen       total 63488K, used 17605K [0x00000000c0000000, 0x00000000c3e00000, 0x00000000eab00000)
  object space 63488K, 27% used [0x00000000c0000000,0x00000000c11316e8,0x00000000c3e00000)
 Metaspace       used 34748K, capacity 35318K, committed 35496K, reserved 1079296K
  class space    used 4936K, capacity 5147K, committed 5168K, reserved 1048576K
}

Deoptimization events (10 events):
Event: 7.574 Thread 0x0000000017e78000 Uncommon trap: reason=unstable_if action=reinterpret pc=0x0000000002a5cf88 method=sun.misc.MetaIndex.mayContain(Ljava/lang/String;)Z @ 38
Event: 7.574 Thread 0x0000000017e78000 Uncommon trap: reason=unstable_if action=reinterpret pc=0x00000000026a8bb4 method=sun.misc.MetaIndex.mayContain(Ljava/lang/String;)Z @ 38
Event: 7.600 Thread 0x0000000017e78000 Uncommon trap: reason=unstable_if action=reinterpret pc=0x0000000002897b3c method=java.lang.CharacterDataLatin1.isWhitespace(I)Z @ 14
Event: 7.641 Thread 0x0000000017e78000 Uncommon trap: reason=unstable_if action=reinterpret pc=0x0000000002dcfd70 method=java.util.jar.JarFile.maybeInstantiateVerifier()V @ 4
Event: 7.644 Thread 0x0000000017e78000 Uncommon trap: reason=unstable_if action=reinterpret pc=0x000000000298caec method=java.security.CodeSource.getCertificates()[Ljava/security/cert/Certificate; @ 22
Event: 7.667 Thread 0x0000000017e78000 Uncommon trap: reason=unstable_if action=reinterpret pc=0x0000000002e03b10 method=java.util.LinkedHashMap.get(Ljava/lang/Object;)Ljava/lang/Object; @ 20
Event: 7.718 Thread 0x0000000017e78000 Uncommon trap: reason=unstable_if action=reinterpret pc=0x0000000002f53e98 method=java.util.jar.JarFile.maybeInstantiateVerifier()V @ 4
Event: 7.754 Thread 0x0000000017e78000 Uncommon trap: reason=unstable_if action=reinterpret pc=0x0000000002cda8e8 method=org.objectweb.asm.ByteVector.putUTF8(Ljava/lang/String;)Lorg/objectweb/asm/ByteVector; @ 91
Event: 8.614 Thread 0x0000000017e78000 Uncommon trap: reason=unstable_if action=reinterpret pc=0x00000000030d5254 method=groovy.lang.MetaClassImpl.checkIfStdMethod(Lgroovy/lang/MetaMethod;)V @ 167
Event: 8.614 Thread 0x0000000017e78000 Uncommon trap: reason=unstable_if action=reinterpret pc=0x00000000030b0ca8 method=groovy.lang.MetaClassImpl.checkIfStdMethod(Lgroovy/lang/MetaMethod;)V @ 167

Classes redefined (0 events):
No events

Internal exceptions (10 events):
Event: 8.663 Thread 0x0000000017e78000 Exception <a 'java/lang/ClassNotFoundException': com/android/build/gradle/internal/CompileOptionsCustomizer> (0x00000000f0e00138) thrown at [C:\re\workspace\8-2-build-windows-amd64-cygwin\jdk8u231\13620\hotspot\src\share\vm\classfile\systemDictionary.cpp,
Event: 8.664 Thread 0x0000000017e78000 Exception <a 'java/lang/ClassNotFoundException': com/android/build/gradle/internal/CompileOptions_DecoratedCustomizer> (0x00000000f0e33318) thrown at [C:\re\workspace\8-2-build-windows-amd64-cygwin\jdk8u231\13620\hotspot\src\share\vm\classfile\systemDicti
Event: 8.679 Thread 0x0000000017e78000 Exception <a 'java/lang/ClassNotFoundException': org/gradle/api/internal/file/collections/DefaultConfigurableFileTreeBeanInfo> (0x00000000f0f5db50) thrown at [C:\re\workspace\8-2-build-windows-amd64-cygwin\jdk8u231\13620\hotspot\src\share\vm\classfile\sys
Event: 8.680 Thread 0x0000000017e78000 Exception <a 'java/lang/ClassNotFoundException': org/gradle/api/internal/file/CompositeFileTreeBeanInfo> (0x00000000f0f9a160) thrown at [C:\re\workspace\8-2-build-windows-amd64-cygwin\jdk8u231\13620\hotspot\src\share\vm\classfile\systemDictionary.cpp, lin
Event: 8.681 Thread 0x0000000017e78000 Exception <a 'java/lang/ClassNotFoundException': org/gradle/api/internal/file/CompositeFileCollectionBeanInfo> (0x00000000f0fdb048) thrown at [C:\re\workspace\8-2-build-windows-amd64-cygwin\jdk8u231\13620\hotspot\src\share\vm\classfile\systemDictionary.cp
Event: 8.682 Thread 0x0000000017e78000 Exception <a 'java/lang/ClassNotFoundException': org/gradle/api/internal/file/AbstractFileCollectionBeanInfo> (0x00000000f101c4e8) thrown at [C:\re\workspace\8-2-build-windows-amd64-cygwin\jdk8u231\13620\hotspot\src\share\vm\classfile\systemDictionary.cpp
Event: 8.682 Thread 0x0000000017e78000 Exception <a 'java/lang/ClassNotFoundException': org/gradle/api/internal/file/AbstractFileCollectionCustomizer> (0x00000000f105e510) thrown at [C:\re\workspace\8-2-build-windows-amd64-cygwin\jdk8u231\13620\hotspot\src\share\vm\classfile\systemDictionary.c
Event: 8.684 Thread 0x0000000017e78000 Exception <a 'java/lang/ClassNotFoundException': org/gradle/api/internal/file/CompositeFileCollectionCustomizer> (0x00000000f10b36f0) thrown at [C:\re\workspace\8-2-build-windows-amd64-cygwin\jdk8u231\13620\hotspot\src\share\vm\classfile\systemDictionary.
Event: 8.685 Thread 0x0000000017e78000 Exception <a 'java/lang/ClassNotFoundException': org/gradle/api/internal/file/CompositeFileTreeCustomizer> (0x00000000f1101b08) thrown at [C:\re\workspace\8-2-build-windows-amd64-cygwin\jdk8u231\13620\hotspot\src\share\vm\classfile\systemDictionary.cpp, l
Event: 8.687 Thread 0x0000000017e78000 Exception <a 'java/lang/ClassNotFoundException': org/gradle/api/internal/file/collections/DefaultConfigurableFileTreeCustomizer> (0x00000000f115b530) thrown at [C:\re\workspace\8-2-build-windows-amd64-cygwin\jdk8u231\13620\hotspot\src\share\vm\classfile\s

Events (10 events):
Event: 8.693 loading class org/gradle/internal/typeconversion/MapNotationConverter$ConvertMethodCache
Event: 8.693 loading class org/gradle/internal/typeconversion/MapNotationConverter$ConvertMethodCache done
Event: 8.694 loading class org/gradle/internal/typeconversion/MapKey
Event: 8.694 loading class org/gradle/internal/typeconversion/MapKey done
Event: 8.697 loading class org/gradle/api/internal/artifacts/dependencies/DefaultProjectDependency
Event: 8.697 loading class org/gradle/api/internal/artifacts/dependencies/DefaultProjectDependency done
Event: 8.698 loading class org/gradle/api/internal/artifacts/dependencies/ProjectDependencyInternal
Event: 8.698 loading class org/gradle/api/internal/artifacts/dependencies/ProjectDependencyInternal done
Event: 8.703 loading class groovy/runtime/metaclass/org/gradle/invocation/DefaultGradle_DecoratedMetaClass
Event: 8.703 loading class groovy/runtime/metaclass/org/gradle/invocation/DefaultGradle_DecoratedMetaClass done


Dynamic libraries:
0x00007ff71b3e0000 - 0x00007ff71b417000 	C:\Program Files\Java\jdk1.8.0_231\bin\java.exe
0x00007ffbd5cd0000 - 0x00007ffbd5ebd000 	C:\Windows\SYSTEM32\ntdll.dll
0x00007ffbd3200000 - 0x00007ffbd32b3000 	C:\Windows\System32\KERNEL32.DLL
0x00007ffbd29f0000 - 0x00007ffbd2c85000 	C:\Windows\System32\KERNELBASE.dll
0x00007ffbd3490000 - 0x00007ffbd3533000 	C:\Windows\System32\ADVAPI32.dll
0x00007ffbd4560000 - 0x00007ffbd45fe000 	C:\Windows\System32\msvcrt.dll
0x00007ffbd3860000 - 0x00007ffbd38fe000 	C:\Windows\System32\sechost.dll
0x00007ffbd3b30000 - 0x00007ffbd3c52000 	C:\Windows\System32\RPCRT4.dll
0x00007ffbd5b00000 - 0x00007ffbd5c97000 	C:\Windows\System32\USER32.dll
0x00007ffbd2c90000 - 0x00007ffbd2cb0000 	C:\Windows\System32\win32u.dll
0x00007ffbd35d0000 - 0x00007ffbd35f9000 	C:\Windows\System32\GDI32.dll
0x00007ffbd2d50000 - 0x00007ffbd2eea000 	C:\Windows\System32\gdi32full.dll
0x00007ffbd2cb0000 - 0x00007ffbd2d50000 	C:\Windows\System32\msvcp_win.dll
0x00007ffbd1e80000 - 0x00007ffbd1f7a000 	C:\Windows\System32\ucrtbase.dll
0x00007ffbbeea0000 - 0x00007ffbbf119000 	C:\Windows\WinSxS\amd64_microsoft.windows.common-controls_6595b64144ccf1df_6.0.17763.1282_none_de75b6f253473c0f\COMCTL32.dll
0x00007ffbd4210000 - 0x00007ffbd453c000 	C:\Windows\System32\combase.dll
0x00007ffbd1e00000 - 0x00007ffbd1e7e000 	C:\Windows\System32\bcryptPrimitives.dll
0x00007ffbd3540000 - 0x00007ffbd356e000 	C:\Windows\System32\IMM32.DLL
0x000000006a8e0000 - 0x000000006a9b2000 	C:\Program Files\Java\jdk1.8.0_231\jre\bin\msvcr100.dll
0x000000006a030000 - 0x000000006a8d6000 	C:\Program Files\Java\jdk1.8.0_231\jre\bin\server\jvm.dll
0x00007ffbd4550000 - 0x00007ffbd4558000 	C:\Windows\System32\PSAPI.DLL
0x00007ffbc4c30000 - 0x00007ffbc4c39000 	C:\Windows\SYSTEM32\WSOCK32.dll
0x00007ffbcfbd0000 - 0x00007ffbcfbf4000 	C:\Windows\SYSTEM32\WINMM.dll
0x00007ffbccac0000 - 0x00007ffbccaca000 	C:\Windows\SYSTEM32\VERSION.dll
0x00007ffbd39e0000 - 0x00007ffbd3a4d000 	C:\Windows\System32\WS2_32.dll
0x00007ffbcfba0000 - 0x00007ffbcfbcd000 	C:\Windows\SYSTEM32\WINMMBASE.dll
0x00007ffbd1d90000 - 0x00007ffbd1dda000 	C:\Windows\System32\cfgmgr32.dll
0x00007ffbcbc20000 - 0x00007ffbcbc2f000 	C:\Program Files\Java\jdk1.8.0_231\jre\bin\verify.dll
0x00007ffbcbbf0000 - 0x00007ffbcbc19000 	C:\Program Files\Java\jdk1.8.0_231\jre\bin\java.dll
0x00007ffbcbb80000 - 0x00007ffbcbb96000 	C:\Program Files\Java\jdk1.8.0_231\jre\bin\zip.dll
0x00007ffbd4600000 - 0x00007ffbd5af8000 	C:\Windows\System32\SHELL32.dll
0x00007ffbd37b0000 - 0x00007ffbd3858000 	C:\Windows\System32\shcore.dll
0x00007ffbd2270000 - 0x00007ffbd29bf000 	C:\Windows\System32\windows.storage.dll
0x00007ffbd1cc0000 - 0x00007ffbd1ce4000 	C:\Windows\System32\profapi.dll
0x00007ffbd1cf0000 - 0x00007ffbd1d4d000 	C:\Windows\System32\powrprof.dll
0x00007ffbd32c0000 - 0x00007ffbd3312000 	C:\Windows\System32\shlwapi.dll
0x00007ffbd1d50000 - 0x00007ffbd1d61000 	C:\Windows\System32\kernel.appcore.dll
0x00007ffbd1de0000 - 0x00007ffbd1df7000 	C:\Windows\System32\cryptsp.dll
0x00007ffbc56c0000 - 0x00007ffbc56da000 	C:\Program Files\Java\jdk1.8.0_231\jre\bin\net.dll
0x00007ffbd14c0000 - 0x00007ffbd1527000 	C:\Windows\system32\mswsock.dll
0x00007ffbc5090000 - 0x00007ffbc50a2000 	C:\Program Files\Java\jdk1.8.0_231\jre\bin\nio.dll
0x00007ffbc4a80000 - 0x00007ffbc4a9e000 	C:\Users\ZULHAMAZWARACHMAD\.gradle\native\25\windows-amd64\native-platform.dll
0x00007ffbcb7a0000 - 0x00007ffbcb7ad000 	C:\Program Files\Java\jdk1.8.0_231\jre\bin\management.dll
0x00007ffbd0de0000 - 0x00007ffbd0e13000 	C:\Windows\system32\rsaenh.dll
0x00007ffbd29c0000 - 0x00007ffbd29e6000 	C:\Windows\System32\bcrypt.dll
0x00007ffbd1bf0000 - 0x00007ffbd1c18000 	C:\Windows\SYSTEM32\USERENV.dll
0x00007ffbd1690000 - 0x00007ffbd169c000 	C:\Windows\SYSTEM32\CRYPTBASE.dll
0x00007ffbd11e0000 - 0x00007ffbd121d000 	C:\Windows\SYSTEM32\IPHLPAPI.DLL
0x00007ffbd4540000 - 0x00007ffbd4548000 	C:\Windows\System32\NSI.dll
0x00007ffbc9660000 - 0x00007ffbc9676000 	C:\Windows\SYSTEM32\dhcpcsvc6.DLL
0x00007ffbc9990000 - 0x00007ffbc99ac000 	C:\Windows\SYSTEM32\dhcpcsvc.DLL
0x00007ffbd1220000 - 0x00007ffbd12e7000 	C:\Windows\SYSTEM32\DNSAPI.dll

VM Arguments:
jvm_args: -XX:+HeapDumpOnOutOfMemoryError -Xmx1024m -Dfile.encoding=windows-1252 -Duser.country=ID -Duser.language=en -Duser.variant 
java_command: org.gradle.launcher.daemon.bootstrap.GradleDaemon 4.10.3
java_class_path (initial): C:\Users\ZULHAMAZWARACHMAD\.gradle\wrapper\dists\gradle-4.10.3-all\81msde2dx9p4vji0mjgtvxkcb\gradle-4.10.3\lib\gradle-launcher-4.10.3.jar
Launcher Type: SUN_STANDARD

Environment Variables:
JAVA_HOME=C:\Program Files\java\jdk1.8.0_231
CLASSPATH=C:\xampp\htdocs\kta-quasar-rpp\src-cordova\platforms\android\\gradle\wrapper\gradle-wrapper.jar
PATH=C:\Program Files\ImageMagick-7.0.9-Q16;C:\Program Files (x86)\Common Files\Oracle\Java\javapath;C:\Windows\system32;C:\Windows;C:\Windows\System32\Wbem;C:\Windows\System32\WindowsPowerShell\v1.0\;C:\Windows\System32\OpenSSH\;C:\Program Files (x86)\Bitvise SSH Client;C:\Program Files\Git\cmd;C:\xampp\php;C:\ProgramData\ComposerSetup\bin;C:\Program Files\nodejs\;C:\Program Files\PuTTY\;C:\Program Files (x86)\Yarn\bin\;C:\Users\ZULHAMAZWARACHMAD\AppData\Local\Android\Sdk\platform-tools;C:\Users\ZULHAMAZWARACHMAD\AppData\Local\Android\Sdk\tools;C:\Users\ZULHAMAZWARACHMAD\AppData\Local\Android\Sdk\build-tools\29.0.2;C:\flutter\bin;C:\gradle\gradle-5.6.4\bin;C:\Users\ZULHAMAZWARACHMAD\AppData\Local\Android\Sdk;C:\ProgramData\chocolatey\bin;C:\Users\ZULHAMAZWARACHMAD\AppData\Local\Programs\Python\Python38\Scripts\;C:\Users\ZULHAMAZWARACHMAD\AppData\Local\Programs\Python\Python38\;C:\Users\ZULHAMAZWARACHMAD\AppData\Local\Microsoft\WindowsApps;C:\Users\ZULHAMAZWARACHMAD\AppData\Local\Programs\Microsoft VS Code\bin;C:\Users\ZULHAMAZWARACHMAD\AppData\Roaming\Composer\vendor\bin;C:\Users\ZULHAMAZWARACHMAD\AppData\Roaming\npm;C:\Users\ZULHAMAZWARACHMAD\AppData\Local\Yarn\bin;C:\Users\ZULHAMAZWARACHMAD\AppData\Local\Android\Sdk\platform-tools;C:\Users\ZULHAMAZWARACHMAD\AppData\Local\Android\Sdk\tools;C:\Users\ZULHAMAZWARACHMAD\AppData\Local\Android\Sdk\build-tools\29.0.2;C:\FFMpeg\bin;;C:\Program Files\java\jdk1.8.0_231\bin;C:\Users\ZULHAMAZWARACHMAD\AppData\Local\Android\Sdk\tools\bin
USERNAME=ZULHAMAZWARACHMAD
OS=Windows_NT
PROCESSOR_IDENTIFIER=Intel64 Family 6 Model 158 Stepping 10, GenuineIntel



---------------  S Y S T E M  ---------------

OS: Windows 10.0 , 64 bit Build 17763 (10.0.17763.1158)

CPU:total 4 (initial active 4) (2 cores per cpu, 2 threads per core) family 6 model 158 stepping 10, cmov, cx8, fxsr, mmx, sse, sse2, sse3, ssse3, sse4.1, sse4.2, popcnt, aes, clmul, erms, 3dnowpref, lzcnt, ht, tsc, tscinvbit

Memory: 4k page, physical 8053904k(456988k free), swap 33219728k(5688k free)

vm_info: Java HotSpot(TM) 64-Bit Server VM (25.231-b11) for windows-amd64 JRE (1.8.0_231-b11), built on Oct  5 2019 03:11:30 by "java_re" with MS VC++ 10.0 (VS2010)

time: Fri Jun 19 13:19:05 2020
timezone: SE Asia Standard Time
elapsed time: 8 seconds (0d 0h 0m 8s)

